<?xml version="1.0" encoding="UTF-8"?>
<!-- Generated by org.testng.reporters.JUnitReportReporter -->
<testsuite skipped="0" hostname="BLT1220" name="gradeee1.chrome" tests="1" failures="0" timestamp="20 Feb 2020 06:02:33 GMT" time="16.325" errors="0">
  <testcase name="log" time="16.325" classname="gradeee1.chrome"/>
</testsuite> <!-- gradeee1.chrome -->
